<?xml version="1.0" encoding="UTF-8"?>
<!-- Generated by org.testng.reporters.JUnitReportReporter -->
<testsuite hostname="LAPTOP-MQ7POIOU" failures="0" tests="1" name="testClasses.LogIn" time="10.472" errors="0" timestamp="2023-07-30T20:41:50 IST" skipped="0">
  <testcase classname="testClasses.LogIn" name="verifyLoginPage" time="10.472"/>
  <system-out/>
</testsuite> <!-- testClasses.LogIn -->
