<?xml version="1.0" encoding="UTF-8"?>
<!-- Generated by org.testng.reporters.JUnitReportReporter -->
<testsuite hostname="LAPTOP-MQ7POIOU" failures="0" tests="4" name="testClasses.LogIn" time="39.743" errors="0" timestamp="2024-04-29T20:17:33 IST" skipped="0">
  <testcase classname="testClasses.LogIn" name="verifyProductsPage" time="4.159"/>
  <system-out>
    <![CDATA[After navigate back URL https://www.saucedemo.com/inventory.html]]>
  </system-out>
  <testcase classname="testClasses.LogIn" name="verifyCurrentUrl" time="20.550"/>
  <system-out/>
  <testcase classname="testClasses.LogIn" name="verifyPriceDynamically" time="5.378"/>
  <system-out/>
  <testcase classname="testClasses.LogIn" name="verifyLoginPage" time="9.656"/>
  <system-out/>
</testsuite> <!-- testClasses.LogIn -->
