<?xml version="1.0" encoding="UTF-8"?>
<!-- Generated by org.testng.reporters.JUnitReportReporter -->
<testsuite hostname="LAPTOP-MQ7POIOU" failures="0" tests="4" name="testClasses.LogIn" time="31.739" errors="0" timestamp="2023-12-13T13:28:19 IST" skipped="0">
  <testcase classname="testClasses.LogIn" name="verifyPriceDynamically" time="5.261"/>
  <system-out/>
  <testcase classname="testClasses.LogIn" name="verifyProductsPage" time="4.152"/>
  <system-out>
    <![CDATA[After navigate back URL https://www.saucedemo.com/inventory.html]]>
  </system-out>
  <testcase classname="testClasses.LogIn" name="verifyCurrentUrl" time="12.942"/>
  <system-out/>
  <testcase classname="testClasses.LogIn" name="verifyLoginPage" time="9.384"/>
  <system-out/>
</testsuite> <!-- testClasses.LogIn -->
