<?xml version="1.0" encoding="UTF-8"?>
<!-- Generated by org.testng.reporters.JUnitReportReporter -->
<testsuite hostname="LAPTOP-MQ7POIOU" failures="0" tests="3" name="testClasses.LogIn" time="25.490" errors="0" timestamp="2023-07-31T13:17:18 IST" skipped="0">
  <testcase classname="testClasses.LogIn" name="verifyCurrentUrl" time="0.043"/>
  <system-out/>
  <testcase classname="testClasses.LogIn" name="verifyProductsPage" time="4.112"/>
  <system-out/>
  <testcase classname="testClasses.LogIn" name="verifyLoginPage" time="21.335"/>
  <system-out/>
</testsuite> <!-- testClasses.LogIn -->
