<?xml version="1.0" encoding="UTF-8"?>
<!-- Generated by org.testng.reporters.JUnitReportReporter -->
<testsuite hostname="LAPTOP-MQ7POIOU" failures="0" tests="5" name="testClasses.Parameterize_LogIn" time="39.191" errors="0" timestamp="2024-05-25T15:52:44 IST" skipped="0">
  <testcase classname="testClasses.Parameterize_LogIn" name="loginTest" time="11.621"/>
  <system-out/>
  <testcase classname="testClasses.Parameterize_LogIn" name="loginTest" time="6.578"/>
  <system-out/>
  <testcase classname="testClasses.Parameterize_LogIn" name="loginTest" time="6.566"/>
  <system-out/>
  <testcase classname="testClasses.Parameterize_LogIn" name="loginTest" time="7.241"/>
  <system-out/>
  <testcase classname="testClasses.Parameterize_LogIn" name="loginTest" time="7.185"/>
  <system-out/>
</testsuite> <!-- testClasses.Parameterize_LogIn -->
