<?xml version="1.0" encoding="UTF-8"?>
<!-- Generated by org.testng.reporters.JUnitReportReporter -->
<testsuite hostname="LAPTOP-MQ7POIOU" failures="0" tests="5" name="testClasses.LogIn" time="47.440" errors="0" timestamp="2024-05-25T15:52:44 IST" skipped="0">
  <testcase classname="testClasses.LogIn" name="verifyProductsPage" time="4.187"/>
  <system-out>
    <![CDATA[After navigate back URL https://www.saucedemo.com/inventory.html]]>
  </system-out>
  <testcase classname="testClasses.LogIn" name="checkOutValidation" time="4.732"/>
  <system-out/>
  <testcase classname="testClasses.LogIn" name="verifyPriceDynamically" time="5.369"/>
  <system-out/>
  <testcase classname="testClasses.LogIn" name="verifyCurrentUrl" time="23.350"/>
  <system-out/>
  <testcase classname="testClasses.LogIn" name="verifyLoginPage" time="9.802"/>
  <system-out/>
</testsuite> <!-- testClasses.LogIn -->
