<?xml version="1.0" encoding="UTF-8"?>
<!-- Generated by org.testng.reporters.JUnitReportReporter -->
<testsuite hostname="LAPTOP-MQ7POIOU" failures="0" tests="4" name="testClasses.LogIn" time="25.931" errors="0" timestamp="2023-12-18T20:55:02 IST" skipped="0">
  <testcase classname="testClasses.LogIn" name="verifyPriceDynamically" time="5.360"/>
  <system-out/>
  <testcase classname="testClasses.LogIn" name="verifyProductsPage" time="4.223"/>
  <system-out>
    <![CDATA[After navigate back URL https://www.saucedemo.com/inventory.html]]>
  </system-out>
  <testcase classname="testClasses.LogIn" name="verifyCurrentUrl" time="6.964"/>
  <system-out/>
  <testcase classname="testClasses.LogIn" name="verifyLoginPage" time="9.384"/>
  <system-out/>
</testsuite> <!-- testClasses.LogIn -->
