<?xml version="1.0" encoding="UTF-8"?>
<!-- Generated by org.testng.reporters.JUnitReportReporter -->
<testsuite hostname="LAPTOP-MQ7POIOU" failures="0" tests="3" name="testClasses.Test444" time="0.030" errors="0" timestamp="2024-03-16T23:44:27 IST" skipped="0">
  <testcase classname="testClasses.Test444" name="Test1" time="0.018"/>
  <system-out/>
  <testcase classname="testClasses.Test444" name="Test2" time="0.007"/>
  <system-out/>
  <testcase classname="testClasses.Test444" name="Test3" time="0.005"/>
  <system-out/>
</testsuite> <!-- testClasses.Test444 -->
