<?xml version="1.0" encoding="UTF-8"?>
<!-- Generated by org.testng.reporters.JUnitReportReporter -->
<testsuite hostname="LAPTOP-MQ7POIOU" failures="0" tests="2" name="testClasses.BufferClass.Practice1" time="48.203" errors="0" timestamp="2024-01-21T20:48:03 IST" skipped="0">
  <testcase classname="testClasses.BufferClass.Practice1" name="browserNavigation" time="10.365"/>
  <system-out/>
  <testcase classname="testClasses.BufferClass.Practice1" name="validateHomePage" time="37.838"/>
  <system-out/>
</testsuite> <!-- testClasses.BufferClass.Practice1 -->
