<?xml version="1.0" encoding="UTF-8"?>
<!-- Generated by org.testng.reporters.JUnitReportReporter -->
<testsuite hostname="LAPTOP-MQ7POIOU" failures="0" tests="1" name="testClasses.LogIn" time="10.429" errors="0" timestamp="2023-07-20T11:42:38 IST" skipped="0">
  <testcase classname="testClasses.LogIn" name="verifyLoginPage" time="10.429"/>
  <system-out/>
</testsuite> <!-- testClasses.LogIn -->
