<?xml version="1.0" encoding="UTF-8"?>
<!-- Generated by org.testng.reporters.JUnitReportReporter -->
<testsuite hostname="LAPTOP-MQ7POIOU" failures="0" tests="4" name="testClasses.LogIn" time="27.345" errors="0" timestamp="2024-01-02T14:15:48 IST" skipped="0">
  <testcase classname="testClasses.LogIn" name="verifyCurrentUrl" time="7.994"/>
  <system-out/>
  <testcase classname="testClasses.LogIn" name="verifyProductsPage" time="4.374"/>
  <system-out>
    <![CDATA[After navigate back URL https://www.saucedemo.com/inventory.html]]>
  </system-out>
  <testcase classname="testClasses.LogIn" name="verifyPriceDynamically" time="5.512"/>
  <system-out/>
  <testcase classname="testClasses.LogIn" name="verifyLoginPage" time="9.465"/>
  <system-out/>
</testsuite> <!-- testClasses.LogIn -->
