<?xml version="1.0" encoding="UTF-8"?>
<!-- Generated by org.testng.reporters.JUnitReportReporter -->
<testsuite hostname="LAPTOP-MQ7POIOU" failures="0" tests="5" name="testClasses.Parameterize_LogIn" time="39.617" errors="0" timestamp="2024-05-15T21:32:37 IST" skipped="0">
  <testcase classname="testClasses.Parameterize_LogIn" name="loginTest" time="12.584"/>
  <system-out/>
  <testcase classname="testClasses.Parameterize_LogIn" name="loginTest" time="6.664"/>
  <system-out/>
  <testcase classname="testClasses.Parameterize_LogIn" name="loginTest" time="6.499"/>
  <system-out/>
  <testcase classname="testClasses.Parameterize_LogIn" name="loginTest" time="6.601"/>
  <system-out/>
  <testcase classname="testClasses.Parameterize_LogIn" name="loginTest" time="7.269"/>
  <system-out/>
</testsuite> <!-- testClasses.Parameterize_LogIn -->
