<?xml version="1.0" encoding="UTF-8"?>
<!-- Generated by org.testng.reporters.JUnitReportReporter -->
<testsuite hostname="LAPTOP-MQ7POIOU" failures="0" tests="4" name="testClasses.LogIn" time="55.681" errors="0" timestamp="2023-12-09T11:24:47 IST" skipped="0">
  <testcase classname="testClasses.LogIn" name="verifyCurrentUrl" time="36.322"/>
  <system-out>
    <![CDATA[Actual Page is https://saucelabs.com/]]>
  </system-out>
  <testcase classname="testClasses.LogIn" name="verifyProductsPage" time="4.431"/>
  <system-out>
    <![CDATA[After navigate back URL https://www.saucedemo.com/inventory.html]]>
  </system-out>
  <testcase classname="testClasses.LogIn" name="verifyPriceDynamically" time="5.423"/>
  <system-out/>
  <testcase classname="testClasses.LogIn" name="verifyLoginPage" time="9.505"/>
  <system-out/>
</testsuite> <!-- testClasses.LogIn -->
