<?xml version="1.0" encoding="UTF-8"?>
<!-- Generated by org.testng.reporters.JUnitReportReporter -->
<testsuite hostname="LAPTOP-MQ7POIOU" failures="0" tests="4" name="testClasses.LogIn" time="28.861" errors="0" timestamp="2023-08-08T21:48:42 IST" skipped="0">
  <testcase classname="testClasses.LogIn" name="verifyCurrentUrl" time="0.016"/>
  <system-out>
    <![CDATA[Actual Page is https://saucelabs.com/]]>
  </system-out>
  <testcase classname="testClasses.LogIn" name="verifyPriceDynamically" time="5.220"/>
  <system-out/>
  <testcase classname="testClasses.LogIn" name="verifyProductsPage" time="4.102"/>
  <system-out>
    <![CDATA[After navigate back URL https://www.saucedemo.com/inventory.html]]>
  </system-out>
  <testcase classname="testClasses.LogIn" name="verifyLoginPage" time="19.523"/>
  <system-out/>
</testsuite> <!-- testClasses.LogIn -->
