<?xml version="1.0" encoding="UTF-8"?>
<!-- Generated by org.testng.reporters.JUnitReportReporter -->
<testsuite hostname="LAPTOP-MQ7POIOU" failures="0" tests="5" name="testClasses.LogIn" time="46.812" errors="0" timestamp="2024-05-15T23:17:18 IST" skipped="0">
  <testcase classname="testClasses.LogIn" name="verifyProductsPage" time="4.153"/>
  <system-out>
    <![CDATA[After navigate back URL https://www.saucedemo.com/inventory.html]]>
  </system-out>
  <testcase classname="testClasses.LogIn" name="verifyPriceDynamically" time="5.418"/>
  <system-out/>
  <testcase classname="testClasses.LogIn" name="checkOutValidation" time="4.768"/>
  <system-out/>
  <testcase classname="testClasses.LogIn" name="verifyCurrentUrl" time="22.767"/>
  <system-out/>
  <testcase classname="testClasses.LogIn" name="verifyLoginPage" time="9.706"/>
  <system-out/>
</testsuite> <!-- testClasses.LogIn -->
