<?xml version="1.0" encoding="UTF-8"?>
<!-- Generated by org.testng.reporters.JUnitReportReporter -->
<testsuite hostname="LAPTOP-MQ7POIOU" failures="0" tests="4" name="testClasses.LogIn" time="40.625" errors="0" timestamp="2023-11-21T13:56:50 IST" skipped="0">
  <testcase classname="testClasses.LogIn" name="verifyCurrentUrl" time="21.394"/>
  <system-out>
    <![CDATA[Actual Page is https://saucelabs.com/]]>
  </system-out>
  <testcase classname="testClasses.LogIn" name="verifyProductsPage" time="4.319"/>
  <system-out>
    <![CDATA[After navigate back URL https://www.saucedemo.com/inventory.html]]>
  </system-out>
  <testcase classname="testClasses.LogIn" name="verifyPriceDynamically" time="5.340"/>
  <system-out/>
  <testcase classname="testClasses.LogIn" name="verifyLoginPage" time="9.572"/>
  <system-out/>
</testsuite> <!-- testClasses.LogIn -->
