<?xml version="1.0" encoding="UTF-8"?>
<!-- Generated by org.testng.reporters.JUnitReportReporter -->
<testsuite hostname="LAPTOP-MQ7POIOU" failures="0" tests="4" name="testClasses.LogIn" time="28.864" errors="0" timestamp="2023-08-23T23:32:10 IST" skipped="0">
  <testcase classname="testClasses.LogIn" name="verifyPriceDynamically" time="5.193"/>
  <system-out/>
  <testcase classname="testClasses.LogIn" name="verifyCurrentUrl" time="10.055"/>
  <system-out>
    <![CDATA[Actual Page is https://saucelabs.com/]]>
  </system-out>
  <testcase classname="testClasses.LogIn" name="verifyProductsPage" time="4.164"/>
  <system-out>
    <![CDATA[After navigate back URL https://www.saucedemo.com/inventory.html]]>
  </system-out>
  <testcase classname="testClasses.LogIn" name="verifyLoginPage" time="9.452"/>
  <system-out/>
</testsuite> <!-- testClasses.LogIn -->
