<?xml version="1.0" encoding="UTF-8"?>
<!-- Generated by org.testng.reporters.JUnitReportReporter -->
<testsuite hostname="LAPTOP-MQ7POIOU" failures="0" tests="4" name="testClasses.LogIn" time="36.508" errors="0" timestamp="2023-07-31T19:43:47 IST" skipped="0">
  <testcase classname="testClasses.LogIn" name="verifyCurrentUrl" time="0.257"/>
  <system-out>
    <![CDATA[Actual Page is https://saucelabs.com/]]>
  </system-out>
  <testcase classname="testClasses.LogIn" name="verifyProductsPage" time="4.593"/>
  <system-out>
    <![CDATA[After navigate back URL https://www.saucedemo.com/inventory.html]]>
  </system-out>
  <testcase classname="testClasses.LogIn" name="verifyPriceDynamically" time="5.314"/>
  <system-out/>
  <testcase classname="testClasses.LogIn" name="verifyLoginPage" time="26.344"/>
  <system-out/>
</testsuite> <!-- testClasses.LogIn -->
