<?xml version="1.0" encoding="UTF-8"?>
<!-- Generated by org.testng.reporters.JUnitReportReporter -->
<testsuite hostname="LAPTOP-MQ7POIOU" failures="0" tests="5" name="testClasses.Parameterize_LogIn" time="38.616" errors="0" timestamp="2024-04-29T20:17:33 IST" skipped="0">
  <testcase classname="testClasses.Parameterize_LogIn" name="loginTest" time="6.831"/>
  <system-out/>
  <testcase classname="testClasses.Parameterize_LogIn" name="loginTest" time="11.823"/>
  <system-out/>
  <testcase classname="testClasses.Parameterize_LogIn" name="loginTest" time="6.704"/>
  <system-out/>
  <testcase classname="testClasses.Parameterize_LogIn" name="loginTest" time="6.628"/>
  <system-out/>
  <testcase classname="testClasses.Parameterize_LogIn" name="loginTest" time="6.630"/>
  <system-out/>
</testsuite> <!-- testClasses.Parameterize_LogIn -->
