<?xml version="1.0" encoding="UTF-8"?>
<!-- Generated by org.testng.reporters.JUnitReportReporter -->
<testsuite hostname="LAPTOP-MQ7POIOU" failures="0" tests="1" name="testClasses.LogIn" time="10.212" errors="0" timestamp="2023-07-21T12:30:59 IST" skipped="0">
  <testcase classname="testClasses.LogIn" name="verifyLoginPage" time="10.212"/>
  <system-out/>
</testsuite> <!-- testClasses.LogIn -->
